0 info it worked if it ends with ok
1 verbose cli [ '/home/suehee/.nvm/versions/node/v5.3.0/bin/node',
1 verbose cli   '/home/suehee/.nvm/versions/node/v5.3.0/bin/npm',
1 verbose cli   'run',
1 verbose cli   'start' ]
2 info using npm@3.3.12
3 info using node@v5.3.0
4 verbose run-script [ 'prestart', 'start', 'poststart' ]
5 info lifecycle open-table-photo-module@1.0.0~prestart: open-table-photo-module@1.0.0
6 silly lifecycle open-table-photo-module@1.0.0~prestart: no script for prestart, continuing
7 info lifecycle open-table-photo-module@1.0.0~start: open-table-photo-module@1.0.0
8 verbose lifecycle open-table-photo-module@1.0.0~start: unsafe-perm in lifecycle true
9 verbose lifecycle open-table-photo-module@1.0.0~start: PATH: /home/suehee/.nvm/versions/node/v5.3.0/lib/node_modules/npm/bin/node-gyp-bin:/home/suehee/Documents/capstone/photos-module/node_modules/.bin:/home/suehee/.nvm/versions/node/v5.3.0/bin:/home/suehee/bin:/home/suehee/.local/bin:/home/suehee/bin:/home/suehee/.local/bin:/usr/local/sbin:/usr/local/bin:/usr/sbin:/usr/bin:/sbin:/bin:/usr/games:/usr/local/games:/snap/bin
10 verbose lifecycle open-table-photo-module@1.0.0~start: CWD: /home/suehee/Documents/capstone/photos-module
11 silly lifecycle open-table-photo-module@1.0.0~start: Args: [ '-c', 'node server.js' ]
12 silly lifecycle open-table-photo-module@1.0.0~start: Returned: code: 1  signal: null
13 info lifecycle open-table-photo-module@1.0.0~start: Failed to exec start script
14 verbose stack Error: open-table-photo-module@1.0.0 start: `node server.js`
14 verbose stack Exit status 1
14 verbose stack     at EventEmitter.<anonymous> (/home/suehee/.nvm/versions/node/v5.3.0/lib/node_modules/npm/lib/utils/lifecycle.js:232:16)
14 verbose stack     at emitTwo (events.js:87:13)
14 verbose stack     at EventEmitter.emit (events.js:172:7)
14 verbose stack     at ChildProcess.<anonymous> (/home/suehee/.nvm/versions/node/v5.3.0/lib/node_modules/npm/lib/utils/spawn.js:24:14)
14 verbose stack     at emitTwo (events.js:87:13)
14 verbose stack     at ChildProcess.emit (events.js:172:7)
14 verbose stack     at maybeClose (internal/child_process.js:818:16)
14 verbose stack     at Process.ChildProcess._handle.onexit (internal/child_process.js:211:5)
15 verbose pkgid open-table-photo-module@1.0.0
16 verbose cwd /home/suehee/Documents/capstone/photos-module
17 error Linux 4.13.0-32-generic
18 error argv "/home/suehee/.nvm/versions/node/v5.3.0/bin/node" "/home/suehee/.nvm/versions/node/v5.3.0/bin/npm" "run" "start"
19 error node v5.3.0
20 error npm  v3.3.12
21 error code ELIFECYCLE
22 error open-table-photo-module@1.0.0 start: `node server.js`
22 error Exit status 1
23 error Failed at the open-table-photo-module@1.0.0 start script 'node server.js'.
23 error Make sure you have the latest version of node.js and npm installed.
23 error If you do, this is most likely a problem with the open-table-photo-module package,
23 error not with npm itself.
23 error Tell the author that this fails on your system:
23 error     node server.js
23 error You can get their info via:
23 error     npm owner ls open-table-photo-module
23 error There is likely additional logging output above.
24 verbose exit [ 1, true ]
